[debug] [2024-05-16T10:57:58.460Z] ----------------------------------------------------------------------
[debug] [2024-05-16T10:57:58.461Z] Command:       C:\Program Files\nodejs\node.exe C:\Users\peterj\AppData\Roaming\npm\node_modules\firebase-tools\lib\bin\firebase.js init
[debug] [2024-05-16T10:57:58.462Z] CLI Version:   13.9.0
[debug] [2024-05-16T10:57:58.462Z] Platform:      win32
[debug] [2024-05-16T10:57:58.462Z] Node Version:  v18.16.0
[debug] [2024-05-16T10:57:58.464Z] Time:          Thu May 16 2024 12:57:58 GMT+0200 (Mitteleuropäische Sommerzeit)
[debug] [2024-05-16T10:57:58.464Z] ----------------------------------------------------------------------
[debug] 
[debug] [2024-05-16T10:57:58.472Z] > command requires scopes: ["email","openid","https://www.googleapis.com/auth/cloudplatformprojects.readonly","https://www.googleapis.com/auth/firebase","https://www.googleapis.com/auth/cloud-platform"]
[debug] [2024-05-16T10:57:58.472Z] > authorizing via signed-in user (julian.lohnsfeld@gmail.com)
[info] 
     ######## #### ########  ######## ########     ###     ######  ########
     ##        ##  ##     ## ##       ##     ##  ##   ##  ##       ##
     ######    ##  ########  ######   ########  #########  ######  ######
     ##        ##  ##    ##  ##       ##     ## ##     ##       ## ##
     ##       #### ##     ## ######## ########  ##     ##  ######  ########

You're about to initialize a Firebase project in this directory:

  C:\Users\peterj\IdeaProjects\quiz-web-app

[info] 
=== Project Setup
[info] 
[info] First, let's associate this project directory with a Firebase project.
[info] You can create multiple project aliases by running firebase use --add, 
[info] but for now we'll just set up a default project.
[info] 
[debug] [2024-05-16T10:58:08.018Z] >>> [apiv2][query] GET https://firebase.googleapis.com/v1beta1/projects pageSize=100
[debug] [2024-05-16T10:58:08.595Z] <<< [apiv2][status] GET https://firebase.googleapis.com/v1beta1/projects 200
[debug] [2024-05-16T10:58:08.595Z] <<< [apiv2][body] GET https://firebase.googleapis.com/v1beta1/projects [omitted]
[info] i  Using project quiz-me-app-7db8f (quiz-me-app) 
[info] 
=== Hosting Setup
[debug] [2024-05-16T10:58:10.524Z] >>> [apiv2][query] GET https://firebase.googleapis.com/v1beta1/projects/quiz-me-app-7db8f [none]
[debug] [2024-05-16T10:58:10.896Z] <<< [apiv2][status] GET https://firebase.googleapis.com/v1beta1/projects/quiz-me-app-7db8f 200
[debug] [2024-05-16T10:58:10.896Z] <<< [apiv2][body] GET https://firebase.googleapis.com/v1beta1/projects/quiz-me-app-7db8f {"projectId":"quiz-me-app-7db8f","projectNumber":"346552728751","displayName":"quiz-me-app","name":"projects/quiz-me-app-7db8f","resources":{"hostingSite":"quiz-me-app-7db8f"},"state":"ACTIVE","etag":"1_d50eb7b6-ff67-4ee3-9d0b-26083c604ec6"}
[info] 
[info] Your public directory is the folder (relative to your project directory) that
[info] will contain Hosting assets to be uploaded with firebase deploy. If you
[info] have a build process for your assets, use your build's output directory.
[info] 
[debug] [2024-05-16T11:00:26.600Z] >>> [apiv2][query] GET https://www.gstatic.com/firebasejs/releases.json [none]
[debug] [2024-05-16T11:00:26.673Z] <<< [apiv2][status] GET https://www.gstatic.com/firebasejs/releases.json 200
[debug] [2024-05-16T11:00:26.673Z] <<< [apiv2][body] GET https://www.gstatic.com/firebasejs/releases.json {"current":{"version":"10.12.0","browserURL":"https://www.gstatic.com/firebasejs/10.12.0/firebase.js","packageURL":"https://www.gstatic.com/firebasejs/10.12.0/firebase.tgz"},"live":{"version":"10.12","browserURL":"https://www.gstatic.com/firebasejs/live/10.12/firebase.js","packageURL":"https://www.gstatic.com/firebasejs/live/10.12/firebase.tgz"},"components":{"analytics":"https://www.gstatic.com/firebasejs/10.12.0/firebase-analytics.js","app":"https://www.gstatic.com/firebasejs/10.12.0/firebase-app.js","app-check":"https://www.gstatic.com/firebasejs/10.12.0/firebase-app-check.js","auth":"https://www.gstatic.com/firebasejs/10.12.0/firebase-auth.js","auth/cordova":"https://www.gstatic.com/firebasejs/10.12.0/firebase-auth/cordova.js","auth/web-extension":"https://www.gstatic.com/firebasejs/10.12.0/firebase-auth/web-extension.js","functions":"https://www.gstatic.com/firebasejs/10.12.0/firebase-functions.js","firestore":"https://www.gstatic.com/firebasejs/10.12.0/firebase-firestore.js","firestore/lite":"https://www.gstatic.com/firebasejs/10.12.0/firebase-firestore/lite.js","installations":"https://www.gstatic.com/firebasejs/10.12.0/firebase-installations.js","storage":"https://www.gstatic.com/firebasejs/10.12.0/firebase-storage.js","performance":"https://www.gstatic.com/firebasejs/10.12.0/firebase-performance.js","remote-config":"https://www.gstatic.com/firebasejs/10.12.0/firebase-remote-config.js","messaging":"https://www.gstatic.com/firebasejs/10.12.0/firebase-messaging.js","messaging/sw":"https://www.gstatic.com/firebasejs/10.12.0/firebase-messaging/sw.js","database":"https://www.gstatic.com/firebasejs/10.12.0/firebase-database.js","vertexai-preview":"https://www.gstatic.com/firebasejs/10.12.0/firebase-vertexai-preview.js","firestore.memory":"https://www.gstatic.com/firebasejs/10.12.0/firebase-firestore.memory.js"}}
[debug] [2024-05-16T11:00:26.733Z] Error: Path contains invalid characters: C:\Users\peterj\IdeaProjects\quiz-web-app\C:\Users\peterj\IdeaProjects\quiz-web-app\dist\quiz-web-app
    at checkPath (C:\Users\peterj\AppData\Roaming\npm\node_modules\firebase-tools\node_modules\fs-extra\lib\mkdirs\utils.js:16:21)
    at module.exports.makeDirSync (C:\Users\peterj\AppData\Roaming\npm\node_modules\firebase-tools\node_modules\fs-extra\lib\mkdirs\make-dir.js:21:3)
    at Object.createFileSync (C:\Users\peterj\AppData\Roaming\npm\node_modules\firebase-tools\node_modules\fs-extra\lib\ensure\file.js:59:45)
    at Config.writeProjectFile (C:\Users\peterj\AppData\Roaming\npm\node_modules\firebase-tools\lib\config.js:154:12)
    at C:\Users\peterj\AppData\Roaming\npm\node_modules\firebase-tools\lib\config.js:178:22
    at process.processTicksAndRejections (node:internal/process/task_queues:95:5)
    at async doSetup (C:\Users\peterj\AppData\Roaming\npm\node_modules\firebase-tools\lib\init\features\hosting\index.js:177:9)
    at async init (C:\Users\peterj\AppData\Roaming\npm\node_modules\firebase-tools\lib\init\index.js:39:9)
[error] 
[error] Error: An unexpected error has occurred.
[debug] [2024-05-16T11:00:37.167Z] ----------------------------------------------------------------------
[debug] [2024-05-16T11:00:37.168Z] Command:       C:\Program Files\nodejs\node.exe C:\Users\peterj\AppData\Roaming\npm\node_modules\firebase-tools\lib\bin\firebase.js init
[debug] [2024-05-16T11:00:37.169Z] CLI Version:   13.9.0
[debug] [2024-05-16T11:00:37.169Z] Platform:      win32
[debug] [2024-05-16T11:00:37.169Z] Node Version:  v18.16.0
[debug] [2024-05-16T11:00:37.171Z] Time:          Thu May 16 2024 13:00:37 GMT+0200 (Mitteleuropäische Sommerzeit)
[debug] [2024-05-16T11:00:37.171Z] ----------------------------------------------------------------------
[debug] 
[debug] [2024-05-16T11:00:37.179Z] > command requires scopes: ["email","openid","https://www.googleapis.com/auth/cloudplatformprojects.readonly","https://www.googleapis.com/auth/firebase","https://www.googleapis.com/auth/cloud-platform"]
[debug] [2024-05-16T11:00:37.179Z] > authorizing via signed-in user (julian.lohnsfeld@gmail.com)
[info] 
     ######## #### ########  ######## ########     ###     ######  ########
     ##        ##  ##     ## ##       ##     ##  ##   ##  ##       ##
     ######    ##  ########  ######   ########  #########  ######  ######
     ##        ##  ##    ##  ##       ##     ## ##     ##       ## ##
     ##       #### ##     ## ######## ########  ##     ##  ######  ########

You're about to initialize a Firebase project in this directory:

  C:\Users\peterj\IdeaProjects\quiz-web-app

[info] 
=== Project Setup
[info] 
[info] First, let's associate this project directory with a Firebase project.
[info] You can create multiple project aliases by running firebase use --add, 
[info] but for now we'll just set up a default project.
[info] 
[debug] [2024-05-16T11:00:53.379Z] >>> [apiv2][query] GET https://firebase.googleapis.com/v1beta1/projects pageSize=100
[debug] [2024-05-16T11:00:53.971Z] <<< [apiv2][status] GET https://firebase.googleapis.com/v1beta1/projects 200
[debug] [2024-05-16T11:00:53.972Z] <<< [apiv2][body] GET https://firebase.googleapis.com/v1beta1/projects [omitted]
[info] i  Using project quiz-me-app-7db8f (quiz-me-app) 
[info] 
=== Hosting Setup
[debug] [2024-05-16T11:00:54.961Z] >>> [apiv2][query] GET https://firebase.googleapis.com/v1beta1/projects/quiz-me-app-7db8f [none]
[debug] [2024-05-16T11:00:55.281Z] <<< [apiv2][status] GET https://firebase.googleapis.com/v1beta1/projects/quiz-me-app-7db8f 200
[debug] [2024-05-16T11:00:55.281Z] <<< [apiv2][body] GET https://firebase.googleapis.com/v1beta1/projects/quiz-me-app-7db8f {"projectId":"quiz-me-app-7db8f","projectNumber":"346552728751","displayName":"quiz-me-app","name":"projects/quiz-me-app-7db8f","resources":{"hostingSite":"quiz-me-app-7db8f"},"state":"ACTIVE","etag":"1_d50eb7b6-ff67-4ee3-9d0b-26083c604ec6"}
[info] 
[info] Your public directory is the folder (relative to your project directory) that
[info] will contain Hosting assets to be uploaded with firebase deploy. If you
[info] have a build process for your assets, use your build's output directory.
[info] 
[debug] [2024-05-16T11:01:04.294Z] Error: Path contains invalid characters: C:\Users\peterj\IdeaProjects\quiz-web-app\C:\Users\peterj\IdeaProjects\quiz-web-app\dist\quiz-web-app
    at checkPath (C:\Users\peterj\AppData\Roaming\npm\node_modules\firebase-tools\node_modules\fs-extra\lib\mkdirs\utils.js:16:21)
    at module.exports.makeDirSync (C:\Users\peterj\AppData\Roaming\npm\node_modules\firebase-tools\node_modules\fs-extra\lib\mkdirs\make-dir.js:21:3)
    at Object.createFileSync (C:\Users\peterj\AppData\Roaming\npm\node_modules\firebase-tools\node_modules\fs-extra\lib\ensure\file.js:59:45)
    at Config.writeProjectFile (C:\Users\peterj\AppData\Roaming\npm\node_modules\firebase-tools\lib\config.js:154:12)
    at C:\Users\peterj\AppData\Roaming\npm\node_modules\firebase-tools\lib\config.js:178:22
    at process.processTicksAndRejections (node:internal/process/task_queues:95:5)
    at async doSetup (C:\Users\peterj\AppData\Roaming\npm\node_modules\firebase-tools\lib\init\features\hosting\index.js:173:13)
    at async init (C:\Users\peterj\AppData\Roaming\npm\node_modules\firebase-tools\lib\init\index.js:39:9)
[error] 
[error] Error: An unexpected error has occurred.
[debug] [2024-05-16T11:01:26.000Z] ----------------------------------------------------------------------
[debug] [2024-05-16T11:01:26.001Z] Command:       C:\Program Files\nodejs\node.exe C:\Users\peterj\AppData\Roaming\npm\node_modules\firebase-tools\lib\bin\firebase.js init
[debug] [2024-05-16T11:01:26.001Z] CLI Version:   13.9.0
[debug] [2024-05-16T11:01:26.002Z] Platform:      win32
[debug] [2024-05-16T11:01:26.002Z] Node Version:  v18.16.0
[debug] [2024-05-16T11:01:26.004Z] Time:          Thu May 16 2024 13:01:26 GMT+0200 (Mitteleuropäische Sommerzeit)
[debug] [2024-05-16T11:01:26.004Z] ----------------------------------------------------------------------
[debug] 
[debug] [2024-05-16T11:01:26.012Z] > command requires scopes: ["email","openid","https://www.googleapis.com/auth/cloudplatformprojects.readonly","https://www.googleapis.com/auth/firebase","https://www.googleapis.com/auth/cloud-platform"]
[debug] [2024-05-16T11:01:26.013Z] > authorizing via signed-in user (julian.lohnsfeld@gmail.com)
[info] 
     ######## #### ########  ######## ########     ###     ######  ########
     ##        ##  ##     ## ##       ##     ##  ##   ##  ##       ##
     ######    ##  ########  ######   ########  #########  ######  ######
     ##        ##  ##    ##  ##       ##     ## ##     ##       ## ##
     ##       #### ##     ## ######## ########  ##     ##  ######  ########

You're about to initialize a Firebase project in this directory:

  C:\Users\peterj\IdeaProjects\quiz-web-app

[info] 
=== Project Setup
[info] 
[info] First, let's associate this project directory with a Firebase project.
[info] You can create multiple project aliases by running firebase use --add, 
[info] but for now we'll just set up a default project.
[info] 
[debug] [2024-05-16T11:01:32.707Z] >>> [apiv2][query] GET https://firebase.googleapis.com/v1beta1/projects pageSize=100
[debug] [2024-05-16T11:01:33.222Z] <<< [apiv2][status] GET https://firebase.googleapis.com/v1beta1/projects 200
[debug] [2024-05-16T11:01:33.222Z] <<< [apiv2][body] GET https://firebase.googleapis.com/v1beta1/projects [omitted]
[info] i  Using project quiz-me-app-7db8f (quiz-me-app) 
[info] 
=== Hosting Setup
[debug] [2024-05-16T11:01:33.890Z] >>> [apiv2][query] GET https://firebase.googleapis.com/v1beta1/projects/quiz-me-app-7db8f [none]
[debug] [2024-05-16T11:01:34.204Z] <<< [apiv2][status] GET https://firebase.googleapis.com/v1beta1/projects/quiz-me-app-7db8f 200
[debug] [2024-05-16T11:01:34.205Z] <<< [apiv2][body] GET https://firebase.googleapis.com/v1beta1/projects/quiz-me-app-7db8f {"projectId":"quiz-me-app-7db8f","projectNumber":"346552728751","displayName":"quiz-me-app","name":"projects/quiz-me-app-7db8f","resources":{"hostingSite":"quiz-me-app-7db8f"},"state":"ACTIVE","etag":"1_d50eb7b6-ff67-4ee3-9d0b-26083c604ec6"}
[info] 
[info] Your public directory is the folder (relative to your project directory) that
[info] will contain Hosting assets to be uploaded with firebase deploy. If you
[info] have a build process for your assets, use your build's output directory.
[info] 
